Base path: D:/Unity/Editor/Data
Cmd: initializeCompiler
Cmd: compileComputeKernel
  api=4 insize=13402 outsize=20145 ok=1
Cmd: compileComputeKernel
  api=4 insize=13402 outsize=41621 ok=1
Cmd: compileComputeKernel
  api=4 insize=13402 outsize=17573 ok=1
Cmd: compileComputeKernel
  api=4 insize=13402 outsize=44281 ok=1
Cmd: compileComputeKernel
  api=4 insize=13402 outsize=68305 ok=1
Cmd: compileComputeKernel
  api=4 insize=19973 outsize=14953 ok=1
Cmd: compileComputeKernel
  api=4 insize=2134 outsize=1493 ok=1
Cmd: compileComputeKernel
  api=4 insize=2507 outsize=1329 ok=1
Cmd: compileComputeKernel
  api=4 insize=2863 outsize=48113 ok=1
Cmd: compileComputeKernel
  api=4 insize=7524 outsize=9809 ok=1
Cmd: compileComputeKernel
  api=4 insize=15322 outsize=6481 ok=1
Cmd: compileComputeKernel
  api=4 insize=15322 outsize=7297 ok=1
Cmd: compileComputeKernel
  api=4 insize=15322 outsize=9649 ok=1
Cmd: compileComputeKernel
  api=4 insize=15322 outsize=7549 ok=1
Cmd: compileComputeKernel
  api=4 insize=15322 outsize=7357 ok=1
Cmd: compileComputeKernel
  api=4 insize=15322 outsize=8477 ok=1
Cmd: compileComputeKernel
  api=4 insize=15322 outsize=8781 ok=1
Cmd: compileComputeKernel
  api=4 insize=15322 outsize=11205 ok=1
Cmd: initializeCompiler
Cmd: initializeCompiler
Cmd: initializeCompiler
Cmd: initializeCompiler
Cmd: initializeCompiler
Cmd: initializeCompiler
Cmd: initializeCompiler
Cmd: initializeCompiler
Cmd: initializeCompiler
Cmd: initializeCompiler
Cmd: initializeCompiler
Cmd: initializeCompiler
Cmd: initializeCompiler
Cmd: initializeCompiler
Cmd: initializeCompiler
Cmd: initializeCompiler
Cmd: disassembleShader
  api=4 insize=2282 outsize=3937 ok=1
Cmd: compileSnippet
  api=4 type=0 insize=12569 outsize=1834 kw=LIGHTMAP_ON DIRLIGHTMAP_COMBINED _MIXED_LIGHTING_SUBTRACTIVE pd=UNITY_ENABLE_REFLECTION_BUFFERS UNITY_USE_DITHER_MASK_FOR_ALPHABLENDED_SHADOWS UNITY_PBS_USE_BRDF1 UNITY_SPECCUBE_BOX_PROJECTION UNITY_SPECCUBE_BLENDING UNITY_ENABLE_DETAIL_NORMALMAP SHADER_API_DESKTOP UNITY_COLORSPACE_GAMMA UNITY_LIGHT_PROBE_PROXY_VOLUME UNITY_LIGHTMAP_FULL_HDR ok=1
Cmd: disassembleShader
  api=4 insize=1834 outsize=3394 ok=1
Cmd: compileSnippet
  api=4 type=0 insize=12569 outsize=2390 kw=_MIXED_LIGHTING_SUBTRACTIVE _SHADOWS_ENABLED pd=UNITY_ENABLE_REFLECTION_BUFFERS UNITY_USE_DITHER_MASK_FOR_ALPHABLENDED_SHADOWS UNITY_PBS_USE_BRDF1 UNITY_SPECCUBE_BOX_PROJECTION UNITY_SPECCUBE_BLENDING UNITY_ENABLE_DETAIL_NORMALMAP SHADER_API_DESKTOP UNITY_COLORSPACE_GAMMA UNITY_LIGHT_PROBE_PROXY_VOLUME UNITY_LIGHTMAP_FULL_HDR ok=1
Cmd: disassembleShader
  api=4 insize=2390 outsize=4093 ok=1
Cmd: compileSnippet
  api=4 type=0 insize=12569 outsize=3518 kw=DIRLIGHTMAP_COMBINED _VERTEX_LIGHTS _SHADOWS_ENABLED pd=UNITY_ENABLE_REFLECTION_BUFFERS UNITY_USE_DITHER_MASK_FOR_ALPHABLENDED_SHADOWS UNITY_PBS_USE_BRDF1 UNITY_SPECCUBE_BOX_PROJECTION UNITY_SPECCUBE_BLENDING UNITY_ENABLE_DETAIL_NORMALMAP SHADER_API_DESKTOP UNITY_COLORSPACE_GAMMA UNITY_LIGHT_PROBE_PROXY_VOLUME UNITY_LIGHTMAP_FULL_HDR ok=1
Cmd: disassembleShader
  api=4 insize=3518 outsize=5596 ok=1
Cmd: compileSnippet
  api=4 type=0 insize=12569 outsize=2282 kw=DIRLIGHTMAP_COMBINED _ADDITIONAL_LIGHTS pd=UNITY_ENABLE_REFLECTION_BUFFERS UNITY_USE_DITHER_MASK_FOR_ALPHABLENDED_SHADOWS UNITY_PBS_USE_BRDF1 UNITY_SPECCUBE_BOX_PROJECTION UNITY_SPECCUBE_BLENDING UNITY_ENABLE_DETAIL_NORMALMAP SHADER_API_DESKTOP UNITY_COLORSPACE_GAMMA UNITY_LIGHT_PROBE_PROXY_VOLUME UNITY_LIGHTMAP_FULL_HDR ok=1
Cmd: disassembleShader
  api=4 insize=2282 outsize=3937 ok=1
Cmd: compileSnippet
  api=4 type=0 insize=12569 outsize=1834 kw=LIGHTMAP_ON DIRLIGHTMAP_COMBINED _ADDITIONAL_LIGHTS _MIXED_LIGHTING_SUBTRACTIVE pd=UNITY_ENABLE_REFLECTION_BUFFERS UNITY_USE_DITHER_MASK_FOR_ALPHABLENDED_SHADOWS UNITY_PBS_USE_BRDF1 UNITY_SPECCUBE_BOX_PROJECTION UNITY_SPECCUBE_BLENDING UNITY_ENABLE_DETAIL_NORMALMAP SHADER_API_DESKTOP UNITY_COLORSPACE_GAMMA UNITY_LIGHT_PROBE_PROXY_VOLUME UNITY_LIGHTMAP_FULL_HDR ok=1
Cmd: disassembleShader
  api=4 insize=1834 outsize=3394 ok=1
Cmd: compileSnippet
  api=4 type=0 insize=12569 outsize=3010 kw=LIGHTMAP_ON DIRLIGHTMAP_COMBINED _ADDITIONAL_LIGHTS _VERTEX_LIGHTS pd=UNITY_ENABLE_REFLECTION_BUFFERS UNITY_USE_DITHER_MASK_FOR_ALPHABLENDED_SHADOWS UNITY_PBS_USE_BRDF1 UNITY_SPECCUBE_BOX_PROJECTION UNITY_SPECCUBE_BLENDING UNITY_ENABLE_DETAIL_NORMALMAP SHADER_API_DESKTOP UNITY_COLORSPACE_GAMMA UNITY_LIGHT_PROBE_PROXY_VOLUME UNITY_LIGHTMAP_FULL_HDR ok=1
Cmd: disassembleShader
  api=4 insize=3010 outsize=4953 ok=1
Cmd: compileSnippet
  api=4 type=0 insize=12569 outsize=3518 kw=_ADDITIONAL_LIGHTS _VERTEX_LIGHTS _MIXED_LIGHTING_SUBTRACTIVE _SHADOWS_ENABLED pd=UNITY_ENABLE_REFLECTION_BUFFERS UNITY_USE_DITHER_MASK_FOR_ALPHABLENDED_SHADOWS UNITY_PBS_USE_BRDF1 UNITY_SPECCUBE_BOX_PROJECTION UNITY_SPECCUBE_BLENDING UNITY_ENABLE_DETAIL_NORMALMAP SHADER_API_DESKTOP UNITY_COLORSPACE_GAMMA UNITY_LIGHT_PROBE_PROXY_VOLUME UNITY_LIGHTMAP_FULL_HDR ok=1
Cmd: disassembleShader
  api=4 insize=3518 outsize=5596 ok=1
Cmd: disassembleShader
  api=4 insize=4062 outsize=6304 ok=1
Cmd: compileSnippet
  api=4 type=1 insize=12569 outsize=4598 kw=LIGHTMAP_ON DIRLIGHTMAP_COMBINED _MIXED_LIGHTING_SUBTRACTIVE pd=UNITY_ENABLE_REFLECTION_BUFFERS UNITY_USE_DITHER_MASK_FOR_ALPHABLENDED_SHADOWS UNITY_PBS_USE_BRDF1 UNITY_SPECCUBE_BOX_PROJECTION UNITY_SPECCUBE_BLENDING UNITY_ENABLE_DETAIL_NORMALMAP SHADER_API_DESKTOP UNITY_COLORSPACE_GAMMA UNITY_LIGHT_PROBE_PROXY_VOLUME UNITY_LIGHTMAP_FULL_HDR ok=1
Cmd: disassembleShader
  api=4 insize=4598 outsize=7035 ok=1
Cmd: compileSnippet
  api=4 type=1 insize=12569 outsize=4226 kw=LIGHTMAP_ON DIRLIGHTMAP_COMBINED _VERTEX_LIGHTS pd=UNITY_ENABLE_REFLECTION_BUFFERS UNITY_USE_DITHER_MASK_FOR_ALPHABLENDED_SHADOWS UNITY_PBS_USE_BRDF1 UNITY_SPECCUBE_BOX_PROJECTION UNITY_SPECCUBE_BLENDING UNITY_ENABLE_DETAIL_NORMALMAP SHADER_API_DESKTOP UNITY_COLORSPACE_GAMMA UNITY_LIGHT_PROBE_PROXY_VOLUME UNITY_LIGHTMAP_FULL_HDR ok=1
Cmd: disassembleShader
  api=4 insize=4226 outsize=6553 ok=1
Cmd: compileSnippet
  api=4 type=1 insize=12569 outsize=3930 kw=_VERTEX_LIGHTS _MIXED_LIGHTING_SUBTRACTIVE pd=UNITY_ENABLE_REFLECTION_BUFFERS UNITY_USE_DITHER_MASK_FOR_ALPHABLENDED_SHADOWS UNITY_PBS_USE_BRDF1 UNITY_SPECCUBE_BOX_PROJECTION UNITY_SPECCUBE_BLENDING UNITY_ENABLE_DETAIL_NORMALMAP SHADER_API_DESKTOP UNITY_COLORSPACE_GAMMA UNITY_LIGHT_PROBE_PROXY_VOLUME UNITY_LIGHTMAP_FULL_HDR ok=1
Cmd: disassembleShader
  api=4 insize=3930 outsize=6074 ok=1
Cmd: compileSnippet
  api=4 type=1 insize=12569 outsize=5634 kw=_ADDITIONAL_LIGHTS _SHADOWS_ENABLED pd=UNITY_ENABLE_REFLECTION_BUFFERS UNITY_USE_DITHER_MASK_FOR_ALPHABLENDED_SHADOWS UNITY_PBS_USE_BRDF1 UNITY_SPECCUBE_BOX_PROJECTION UNITY_SPECCUBE_BLENDING UNITY_ENABLE_DETAIL_NORMALMAP SHADER_API_DESKTOP UNITY_COLORSPACE_GAMMA UNITY_LIGHT_PROBE_PROXY_VOLUME UNITY_LIGHTMAP_FULL_HDR ok=1
Cmd: disassembleShader
  api=4 insize=5634 outsize=8336 ok=1
Cmd: compileSnippet
  api=4 type=1 insize=12569 outsize=5634 kw=DIRLIGHTMAP_COMBINED _ADDITIONAL_LIGHTS _MIXED_LIGHTING_SUBTRACTIVE _SHADOWS_ENABLED pd=UNITY_ENABLE_REFLECTION_BUFFERS UNITY_USE_DITHER_MASK_FOR_ALPHABLENDED_SHADOWS UNITY_PBS_USE_BRDF1 UNITY_SPECCUBE_BOX_PROJECTION UNITY_SPECCUBE_BLENDING UNITY_ENABLE_DETAIL_NORMALMAP SHADER_API_DESKTOP UNITY_COLORSPACE_GAMMA UNITY_LIGHT_PROBE_PROXY_VOLUME UNITY_LIGHTMAP_FULL_HDR ok=1
Cmd: disassembleShader
  api=4 insize=5634 outsize=8336 ok=1
Cmd: compileSnippet
  api=4 type=1 insize=12569 outsize=5930 kw=LIGHTMAP_ON DIRLIGHTMAP_COMBINED _ADDITIONAL_LIGHTS _VERTEX_LIGHTS _SHADOWS_ENABLED pd=UNITY_ENABLE_REFLECTION_BUFFERS UNITY_USE_DITHER_MASK_FOR_ALPHABLENDED_SHADOWS UNITY_PBS_USE_BRDF1 UNITY_SPECCUBE_BOX_PROJECTION UNITY_SPECCUBE_BLENDING UNITY_ENABLE_DETAIL_NORMALMAP SHADER_API_DESKTOP UNITY_COLORSPACE_GAMMA UNITY_LIGHT_PROBE_PROXY_VOLUME UNITY_LIGHTMAP_FULL_HDR ok=1
Cmd: disassembleShader
  api=4 insize=5930 outsize=8815 ok=1
Cmd: initializeCompiler
Cmd: initializeCompiler
Cmd: initializeCompiler
Cmd: initializeCompiler
Cmd: initializeCompiler
Cmd: initializeCompiler
Cmd: initializeCompiler
Cmd: initializeCompiler
Cmd: initializeCompiler
Cmd: initializeCompiler
Cmd: initializeCompiler
Cmd: initializeCompiler
Cmd: initializeCompiler
Cmd: initializeCompiler
Cmd: initializeCompiler
Cmd: initializeCompiler
Cmd: initializeCompiler
Cmd: initializeCompiler
Cmd: initializeCompiler
Cmd: initializeCompiler
Cmd: initializeCompiler
Cmd: initializeCompiler
Cmd: initializeCompiler
Cmd: disassembleShader
  api=4 insize=2390 outsize=4093 ok=1
Cmd: disassembleShader
  api=4 insize=2282 outsize=3937 ok=1
Cmd: disassembleShader
  api=4 insize=3010 outsize=4953 ok=1
Cmd: disassembleShader
  api=4 insize=3382 outsize=5407 ok=1
Cmd: disassembleShader
  api=4 insize=2282 outsize=3937 ok=1
Cmd: disassembleShader
  api=4 insize=2390 outsize=4093 ok=1
Cmd: disassembleShader
  api=4 insize=3518 outsize=5596 ok=1
Cmd: disassembleShader
  api=4 insize=3518 outsize=5596 ok=1
Cmd: disassembleShader
  api=4 insize=4062 outsize=6304 ok=1
Cmd: disassembleShader
  api=4 insize=3930 outsize=6074 ok=1
Cmd: disassembleShader
  api=4 insize=3930 outsize=6074 ok=1
Cmd: disassembleShader
  api=4 insize=5798 outsize=8585 ok=1
Cmd: disassembleShader
  api=4 insize=5634 outsize=8336 ok=1
Cmd: disassembleShader
  api=4 insize=5502 outsize=8106 ok=1
Cmd: disassembleShader
  api=4 insize=254 outsize=730 ok=1
Cmd: initializeCompiler
Cmd: initializeCompiler
Cmd: initializeCompiler
Cmd: initializeCompiler
Cmd: initializeCompiler
Cmd: initializeCompiler
Cmd: initializeCompiler
Cmd: initializeCompiler
Cmd: initializeCompiler
Cmd: initializeCompiler
Cmd: initializeCompiler
Cmd: initializeCompiler
Cmd: disassembleShader
  api=4 insize=1942 outsize=3550 ok=1
Cmd: disassembleShader
  api=4 insize=3382 outsize=5407 ok=1
Cmd: disassembleShader
  api=4 insize=3146 outsize=5142 ok=1
Cmd: disassembleShader
  api=4 insize=1834 outsize=3394 ok=1
Cmd: disassembleShader
  api=4 insize=3518 outsize=5596 ok=1
Cmd: disassembleShader
  api=4 insize=3010 outsize=4953 ok=1
Cmd: disassembleShader
  api=4 insize=4358 outsize=6783 ok=1
Cmd: disassembleShader
  api=4 insize=3930 outsize=6074 ok=1
Cmd: disassembleShader
  api=4 insize=4598 outsize=7035 ok=1
Cmd: disassembleShader
  api=4 insize=5634 outsize=8336 ok=1
Cmd: disassembleShader
  api=4 insize=5634 outsize=8336 ok=1
Cmd: disassembleShader
  api=4 insize=5634 outsize=8336 ok=1
Cmd: disassembleShader
  api=4 insize=690 outsize=1441 ok=1
Cmd: initializeCompiler
Cmd: initializeCompiler
Cmd: initializeCompiler
Cmd: initializeCompiler
Cmd: initializeCompiler
Cmd: initializeCompiler
Cmd: initializeCompiler
Cmd: initializeCompiler
Cmd: initializeCompiler
Cmd: initializeCompiler
Cmd: disassembleShader
  api=4 insize=1834 outsize=3394 ok=1
Cmd: disassembleShader
  api=4 insize=2390 outsize=4093 ok=1
Cmd: disassembleShader
  api=4 insize=3518 outsize=5596 ok=1
Cmd: disassembleShader
  api=4 insize=1942 outsize=3550 ok=1
Cmd: disassembleShader
  api=4 insize=3382 outsize=5407 ok=1
Cmd: disassembleShader
  api=4 insize=3382 outsize=5407 ok=1
Cmd: disassembleShader
  api=4 insize=3930 outsize=6074 ok=1
Cmd: disassembleShader
  api=4 insize=4598 outsize=7035 ok=1
Cmd: disassembleShader
  api=4 insize=4062 outsize=6304 ok=1
Cmd: disassembleShader
  api=4 insize=4730 outsize=7265 ok=1
Cmd: disassembleShader
  api=4 insize=5502 outsize=8106 ok=1
Cmd: disassembleShader
  api=4 insize=5798 outsize=8585 ok=1
Cmd: disassembleShader
  api=4 insize=5634 outsize=8336 ok=1
Cmd: initializeCompiler
Cmd: initializeCompiler
Cmd: initializeCompiler
Cmd: initializeCompiler
Cmd: initializeCompiler
Cmd: initializeCompiler
Cmd: initializeCompiler
Cmd: initializeCompiler
Cmd: initializeCompiler
Cmd: initializeCompiler
Cmd: initializeCompiler
