Base path: D:/Unity/Editor/Data
Cmd: initializeCompiler
Cmd: compileComputeKernel
  api=4 insize=13402 outsize=16717 ok=1
Cmd: compileComputeKernel
  api=4 insize=13402 outsize=19909 ok=1
Cmd: compileComputeKernel
  api=4 insize=13402 outsize=26505 ok=1
Cmd: compileComputeKernel
  api=4 insize=13402 outsize=29169 ok=1
Cmd: compileComputeKernel
  api=4 insize=13402 outsize=19077 ok=1
Cmd: compileComputeKernel
  api=4 insize=13402 outsize=18265 ok=1
Cmd: compileComputeKernel
  api=4 insize=13402 outsize=29077 ok=1
Cmd: compileComputeKernel
  api=4 insize=13402 outsize=17557 ok=1
Cmd: compileComputeKernel
  api=4 insize=13402 outsize=15917 ok=1
Cmd: compileComputeKernel
  api=4 insize=13402 outsize=42481 ok=1
Cmd: compileComputeKernel
  api=4 insize=13402 outsize=18953 ok=1
Cmd: compileComputeKernel
  api=4 insize=13402 outsize=29737 ok=1
Cmd: compileComputeKernel
  api=4 insize=19973 outsize=293 ok=1
Cmd: compileComputeKernel
  api=4 insize=5188 outsize=9105 ok=1
Cmd: compileComputeKernel
  api=4 insize=9421 outsize=8717 ok=1
Cmd: compileComputeKernel
  api=4 insize=1836 outsize=645 ok=1
Cmd: compileComputeKernel
  api=4 insize=16785 outsize=13957 ok=1
Cmd: compileComputeKernel
  api=4 insize=30861 outsize=209 ok=1
Cmd: compileComputeKernel
  api=4 insize=15322 outsize=4705 ok=1
Cmd: compileComputeKernel
  api=4 insize=15322 outsize=5209 ok=1
Cmd: compileComputeKernel
  api=4 insize=15322 outsize=6985 ok=1
Cmd: compileComputeKernel
  api=4 insize=15322 outsize=9429 ok=1
Cmd: compileComputeKernel
  api=4 insize=15322 outsize=6541 ok=1
Cmd: compileComputeKernel
  api=4 insize=15322 outsize=8245 ok=1
Cmd: compileComputeKernel
  api=4 insize=15322 outsize=8825 ok=1
Cmd: compileComputeKernel
  api=4 insize=15322 outsize=8253 ok=1
Cmd: compileComputeKernel
  api=4 insize=15322 outsize=10749 ok=1
Cmd: compileComputeKernel
  api=4 insize=2783 outsize=4089 ok=1
Cmd: compileComputeKernel
  api=4 insize=6056 outsize=10813 ok=1
Cmd: initializeCompiler
Cmd: initializeCompiler
Cmd: initializeCompiler
Cmd: initializeCompiler
Cmd: initializeCompiler
Cmd: initializeCompiler
Cmd: initializeCompiler
Cmd: initializeCompiler
Cmd: initializeCompiler
Cmd: initializeCompiler
Cmd: initializeCompiler
Cmd: initializeCompiler
Cmd: initializeCompiler
Cmd: initializeCompiler
Cmd: initializeCompiler
Cmd: initializeCompiler
Cmd: compileSnippet
  api=4 type=0 insize=12569 outsize=1942 kw=LIGHTMAP_ON DIRLIGHTMAP_COMBINED _SHADOWS_ENABLED pd=UNITY_ENABLE_REFLECTION_BUFFERS UNITY_USE_DITHER_MASK_FOR_ALPHABLENDED_SHADOWS UNITY_PBS_USE_BRDF1 UNITY_SPECCUBE_BOX_PROJECTION UNITY_SPECCUBE_BLENDING UNITY_ENABLE_DETAIL_NORMALMAP SHADER_API_DESKTOP UNITY_COLORSPACE_GAMMA UNITY_LIGHT_PROBE_PROXY_VOLUME UNITY_LIGHTMAP_FULL_HDR ok=1
Cmd: disassembleShader
  api=4 insize=1942 outsize=3550 ok=1
Cmd: compileSnippet
  api=4 type=0 insize=12569 outsize=3010 kw=LIGHTMAP_ON DIRLIGHTMAP_COMBINED _VERTEX_LIGHTS pd=UNITY_ENABLE_REFLECTION_BUFFERS UNITY_USE_DITHER_MASK_FOR_ALPHABLENDED_SHADOWS UNITY_PBS_USE_BRDF1 UNITY_SPECCUBE_BOX_PROJECTION UNITY_SPECCUBE_BLENDING UNITY_ENABLE_DETAIL_NORMALMAP SHADER_API_DESKTOP UNITY_COLORSPACE_GAMMA UNITY_LIGHT_PROBE_PROXY_VOLUME UNITY_LIGHTMAP_FULL_HDR ok=1
Cmd: disassembleShader
  api=4 insize=3010 outsize=4953 ok=1
Cmd: compileSnippet
  api=4 type=0 insize=12569 outsize=3382 kw=DIRLIGHTMAP_COMBINED _VERTEX_LIGHTS _MIXED_LIGHTING_SUBTRACTIVE pd=UNITY_ENABLE_REFLECTION_BUFFERS UNITY_USE_DITHER_MASK_FOR_ALPHABLENDED_SHADOWS UNITY_PBS_USE_BRDF1 UNITY_SPECCUBE_BOX_PROJECTION UNITY_SPECCUBE_BLENDING UNITY_ENABLE_DETAIL_NORMALMAP SHADER_API_DESKTOP UNITY_COLORSPACE_GAMMA UNITY_LIGHT_PROBE_PROXY_VOLUME UNITY_LIGHTMAP_FULL_HDR ok=1
Cmd: disassembleShader
  api=4 insize=3382 outsize=5407 ok=1
Cmd: compileSnippet
  api=4 type=0 insize=12569 outsize=2390 kw=_ADDITIONAL_LIGHTS _SHADOWS_ENABLED pd=UNITY_ENABLE_REFLECTION_BUFFERS UNITY_USE_DITHER_MASK_FOR_ALPHABLENDED_SHADOWS UNITY_PBS_USE_BRDF1 UNITY_SPECCUBE_BOX_PROJECTION UNITY_SPECCUBE_BLENDING UNITY_ENABLE_DETAIL_NORMALMAP SHADER_API_DESKTOP UNITY_COLORSPACE_GAMMA UNITY_LIGHT_PROBE_PROXY_VOLUME UNITY_LIGHTMAP_FULL_HDR ok=1
Cmd: disassembleShader
  api=4 insize=2390 outsize=4093 ok=1
Cmd: compileSnippet
  api=4 type=0 insize=12569 outsize=2390 kw=DIRLIGHTMAP_COMBINED _ADDITIONAL_LIGHTS _MIXED_LIGHTING_SUBTRACTIVE _SHADOWS_ENABLED pd=UNITY_ENABLE_REFLECTION_BUFFERS UNITY_USE_DITHER_MASK_FOR_ALPHABLENDED_SHADOWS UNITY_PBS_USE_BRDF1 UNITY_SPECCUBE_BOX_PROJECTION UNITY_SPECCUBE_BLENDING UNITY_ENABLE_DETAIL_NORMALMAP SHADER_API_DESKTOP UNITY_COLORSPACE_GAMMA UNITY_LIGHT_PROBE_PROXY_VOLUME UNITY_LIGHTMAP_FULL_HDR ok=1
Cmd: disassembleShader
  api=4 insize=2390 outsize=4093 ok=1
Cmd: compileSnippet
  api=4 type=0 insize=12569 outsize=3146 kw=LIGHTMAP_ON DIRLIGHTMAP_COMBINED _ADDITIONAL_LIGHTS _VERTEX_LIGHTS _SHADOWS_ENABLED pd=UNITY_ENABLE_REFLECTION_BUFFERS UNITY_USE_DITHER_MASK_FOR_ALPHABLENDED_SHADOWS UNITY_PBS_USE_BRDF1 UNITY_SPECCUBE_BOX_PROJECTION UNITY_SPECCUBE_BLENDING UNITY_ENABLE_DETAIL_NORMALMAP SHADER_API_DESKTOP UNITY_COLORSPACE_GAMMA UNITY_LIGHT_PROBE_PROXY_VOLUME UNITY_LIGHTMAP_FULL_HDR ok=1
Cmd: disassembleShader
  api=4 insize=3146 outsize=5142 ok=1
Cmd: compileSnippet
  api=4 type=0 insize=12569 outsize=3146 kw=LIGHTMAP_ON DIRLIGHTMAP_COMBINED _ADDITIONAL_LIGHTS _VERTEX_LIGHTS _MIXED_LIGHTING_SUBTRACTIVE _SHADOWS_ENABLED pd=UNITY_ENABLE_REFLECTION_BUFFERS UNITY_USE_DITHER_MASK_FOR_ALPHABLENDED_SHADOWS UNITY_PBS_USE_BRDF1 UNITY_SPECCUBE_BOX_PROJECTION UNITY_SPECCUBE_BLENDING UNITY_ENABLE_DETAIL_NORMALMAP SHADER_API_DESKTOP UNITY_COLORSPACE_GAMMA UNITY_LIGHT_PROBE_PROXY_VOLUME UNITY_LIGHTMAP_FULL_HDR ok=1
Cmd: disassembleShader
  api=4 insize=3146 outsize=5142 ok=1
Cmd: disassembleShader
  api=4 insize=3930 outsize=6074 ok=1
Cmd: compileSnippet
  api=4 type=1 insize=12569 outsize=3930 kw=DIRLIGHTMAP_COMBINED _MIXED_LIGHTING_SUBTRACTIVE pd=UNITY_ENABLE_REFLECTION_BUFFERS UNITY_USE_DITHER_MASK_FOR_ALPHABLENDED_SHADOWS UNITY_PBS_USE_BRDF1 UNITY_SPECCUBE_BOX_PROJECTION UNITY_SPECCUBE_BLENDING UNITY_ENABLE_DETAIL_NORMALMAP SHADER_API_DESKTOP UNITY_COLORSPACE_GAMMA UNITY_LIGHT_PROBE_PROXY_VOLUME UNITY_LIGHTMAP_FULL_HDR ok=1
Cmd: disassembleShader
  api=4 insize=3930 outsize=6074 ok=1
Cmd: compileSnippet
  api=4 type=1 insize=12569 outsize=4062 kw=DIRLIGHTMAP_COMBINED _MIXED_LIGHTING_SUBTRACTIVE _SHADOWS_ENABLED pd=UNITY_ENABLE_REFLECTION_BUFFERS UNITY_USE_DITHER_MASK_FOR_ALPHABLENDED_SHADOWS UNITY_PBS_USE_BRDF1 UNITY_SPECCUBE_BOX_PROJECTION UNITY_SPECCUBE_BLENDING UNITY_ENABLE_DETAIL_NORMALMAP SHADER_API_DESKTOP UNITY_COLORSPACE_GAMMA UNITY_LIGHT_PROBE_PROXY_VOLUME UNITY_LIGHTMAP_FULL_HDR ok=1
Cmd: disassembleShader
  api=4 insize=4062 outsize=6304 ok=1
Cmd: compileSnippet
  api=4 type=1 insize=12569 outsize=4358 kw=LIGHTMAP_ON DIRLIGHTMAP_COMBINED _VERTEX_LIGHTS _SHADOWS_ENABLED pd=UNITY_ENABLE_REFLECTION_BUFFERS UNITY_USE_DITHER_MASK_FOR_ALPHABLENDED_SHADOWS UNITY_PBS_USE_BRDF1 UNITY_SPECCUBE_BOX_PROJECTION UNITY_SPECCUBE_BLENDING UNITY_ENABLE_DETAIL_NORMALMAP SHADER_API_DESKTOP UNITY_COLORSPACE_GAMMA UNITY_LIGHT_PROBE_PROXY_VOLUME UNITY_LIGHTMAP_FULL_HDR ok=1
Cmd: disassembleShader
  api=4 insize=4358 outsize=6783 ok=1
Cmd: compileSnippet
  api=4 type=1 insize=12569 outsize=4730 kw=LIGHTMAP_ON DIRLIGHTMAP_COMBINED _VERTEX_LIGHTS _MIXED_LIGHTING_SUBTRACTIVE _SHADOWS_ENABLED pd=UNITY_ENABLE_REFLECTION_BUFFERS UNITY_USE_DITHER_MASK_FOR_ALPHABLENDED_SHADOWS UNITY_PBS_USE_BRDF1 UNITY_SPECCUBE_BOX_PROJECTION UNITY_SPECCUBE_BLENDING UNITY_ENABLE_DETAIL_NORMALMAP SHADER_API_DESKTOP UNITY_COLORSPACE_GAMMA UNITY_LIGHT_PROBE_PROXY_VOLUME UNITY_LIGHTMAP_FULL_HDR ok=1
Cmd: disassembleShader
  api=4 insize=4730 outsize=7265 ok=1
Cmd: compileSnippet
  api=4 type=1 insize=12569 outsize=5502 kw=DIRLIGHTMAP_COMBINED _ADDITIONAL_LIGHTS _MIXED_LIGHTING_SUBTRACTIVE pd=UNITY_ENABLE_REFLECTION_BUFFERS UNITY_USE_DITHER_MASK_FOR_ALPHABLENDED_SHADOWS UNITY_PBS_USE_BRDF1 UNITY_SPECCUBE_BOX_PROJECTION UNITY_SPECCUBE_BLENDING UNITY_ENABLE_DETAIL_NORMALMAP SHADER_API_DESKTOP UNITY_COLORSPACE_GAMMA UNITY_LIGHT_PROBE_PROXY_VOLUME UNITY_LIGHTMAP_FULL_HDR ok=1
Cmd: disassembleShader
  api=4 insize=5502 outsize=8106 ok=1
Cmd: compileSnippet
  api=4 type=1 insize=12569 outsize=5798 kw=LIGHTMAP_ON DIRLIGHTMAP_COMBINED _ADDITIONAL_LIGHTS _VERTEX_LIGHTS pd=UNITY_ENABLE_REFLECTION_BUFFERS UNITY_USE_DITHER_MASK_FOR_ALPHABLENDED_SHADOWS UNITY_PBS_USE_BRDF1 UNITY_SPECCUBE_BOX_PROJECTION UNITY_SPECCUBE_BLENDING UNITY_ENABLE_DETAIL_NORMALMAP SHADER_API_DESKTOP UNITY_COLORSPACE_GAMMA UNITY_LIGHT_PROBE_PROXY_VOLUME UNITY_LIGHTMAP_FULL_HDR ok=1
Cmd: disassembleShader
  api=4 insize=5798 outsize=8585 ok=1
Cmd: compileSnippet
  api=4 type=1 insize=12569 outsize=5634 kw=_ADDITIONAL_LIGHTS _VERTEX_LIGHTS _MIXED_LIGHTING_SUBTRACTIVE _SHADOWS_ENABLED pd=UNITY_ENABLE_REFLECTION_BUFFERS UNITY_USE_DITHER_MASK_FOR_ALPHABLENDED_SHADOWS UNITY_PBS_USE_BRDF1 UNITY_SPECCUBE_BOX_PROJECTION UNITY_SPECCUBE_BLENDING UNITY_ENABLE_DETAIL_NORMALMAP SHADER_API_DESKTOP UNITY_COLORSPACE_GAMMA UNITY_LIGHT_PROBE_PROXY_VOLUME UNITY_LIGHTMAP_FULL_HDR ok=1
Cmd: disassembleShader
  api=4 insize=5634 outsize=8336 ok=1
Cmd: initializeCompiler
Cmd: initializeCompiler
Cmd: initializeCompiler
Cmd: initializeCompiler
Cmd: initializeCompiler
Cmd: initializeCompiler
Cmd: initializeCompiler
Cmd: initializeCompiler
Cmd: initializeCompiler
Cmd: initializeCompiler
Cmd: initializeCompiler
Cmd: initializeCompiler
Cmd: initializeCompiler
Cmd: initializeCompiler
Cmd: initializeCompiler
Cmd: initializeCompiler
Cmd: initializeCompiler
Cmd: initializeCompiler
Cmd: initializeCompiler
Cmd: initializeCompiler
Cmd: initializeCompiler
Cmd: initializeCompiler
Cmd: initializeCompiler
Cmd: disassembleShader
  api=4 insize=1834 outsize=3394 ok=1
Cmd: disassembleShader
  api=4 insize=2390 outsize=4093 ok=1
Cmd: disassembleShader
  api=4 insize=3518 outsize=5596 ok=1
Cmd: disassembleShader
  api=4 insize=3518 outsize=5596 ok=1
Cmd: disassembleShader
  api=4 insize=1834 outsize=3394 ok=1
Cmd: disassembleShader
  api=4 insize=3010 outsize=4953 ok=1
Cmd: disassembleShader
  api=4 insize=3518 outsize=5596 ok=1
Cmd: disassembleShader
  api=4 insize=4062 outsize=6304 ok=1
Cmd: disassembleShader
  api=4 insize=4730 outsize=7265 ok=1
Cmd: disassembleShader
  api=4 insize=3930 outsize=6074 ok=1
Cmd: disassembleShader
  api=4 insize=5502 outsize=8106 ok=1
Cmd: disassembleShader
  api=4 insize=6170 outsize=9067 ok=1
Cmd: disassembleShader
  api=4 insize=5634 outsize=8336 ok=1
Cmd: disassembleShader
  api=4 insize=5634 outsize=8336 ok=1
Cmd: initializeCompiler
Cmd: initializeCompiler
Cmd: initializeCompiler
Cmd: initializeCompiler
Cmd: initializeCompiler
Cmd: initializeCompiler
Cmd: initializeCompiler
Cmd: initializeCompiler
Cmd: initializeCompiler
Cmd: initializeCompiler
Cmd: initializeCompiler
Cmd: initializeCompiler
Cmd: disassembleShader
  api=4 insize=2282 outsize=3937 ok=1
Cmd: disassembleShader
  api=4 insize=2390 outsize=4093 ok=1
Cmd: disassembleShader
  api=4 insize=3518 outsize=5596 ok=1
Cmd: disassembleShader
  api=4 insize=3010 outsize=4953 ok=1
Cmd: disassembleShader
  api=4 insize=2390 outsize=4093 ok=1
Cmd: disassembleShader
  api=4 insize=2390 outsize=4093 ok=1
Cmd: disassembleShader
  api=4 insize=3146 outsize=5142 ok=1
Cmd: disassembleShader
  api=4 insize=3518 outsize=5596 ok=1
Cmd: disassembleShader
  api=4 insize=3930 outsize=6074 ok=1
Cmd: disassembleShader
  api=4 insize=4598 outsize=7035 ok=1
Cmd: disassembleShader
  api=4 insize=4062 outsize=6304 ok=1
Cmd: disassembleShader
  api=4 insize=4062 outsize=6304 ok=1
Cmd: disassembleShader
  api=4 insize=5634 outsize=8336 ok=1
Cmd: disassembleShader
  api=4 insize=6302 outsize=9297 ok=1
Cmd: disassembleShader
  api=4 insize=5502 outsize=8106 ok=1
Cmd: disassembleShader
  api=4 insize=1142 outsize=2030 ok=1
Cmd: initializeCompiler
Cmd: initializeCompiler
Cmd: initializeCompiler
Cmd: initializeCompiler
Cmd: initializeCompiler
Cmd: initializeCompiler
Cmd: initializeCompiler
Cmd: initializeCompiler
Cmd: initializeCompiler
Cmd: initializeCompiler
Cmd: disassembleShader
  api=4 insize=2282 outsize=3937 ok=1
Cmd: disassembleShader
  api=4 insize=2282 outsize=3937 ok=1
Cmd: disassembleShader
  api=4 insize=3010 outsize=4953 ok=1
Cmd: disassembleShader
  api=4 insize=3518 outsize=5596 ok=1
Cmd: disassembleShader
  api=4 insize=2282 outsize=3937 ok=1
Cmd: disassembleShader
  api=4 insize=1834 outsize=3394 ok=1
Cmd: disassembleShader
  api=4 insize=3010 outsize=4953 ok=1
Cmd: disassembleShader
  api=4 insize=3518 outsize=5596 ok=1
Cmd: disassembleShader
  api=4 insize=4062 outsize=6304 ok=1
Cmd: disassembleShader
  api=4 insize=3930 outsize=6074 ok=1
Cmd: disassembleShader
  api=4 insize=3930 outsize=6074 ok=1
Cmd: disassembleShader
  api=4 insize=5502 outsize=8106 ok=1
Cmd: disassembleShader
  api=4 insize=6170 outsize=9067 ok=1
Cmd: disassembleShader
  api=4 insize=5634 outsize=8336 ok=1
Cmd: initializeCompiler
Cmd: initializeCompiler
Cmd: initializeCompiler
Cmd: initializeCompiler
Cmd: initializeCompiler
Cmd: initializeCompiler
Cmd: initializeCompiler
Cmd: initializeCompiler
Cmd: initializeCompiler
Cmd: initializeCompiler
Cmd: initializeCompiler
